<?xml version="1.0" encoding="UTF-8"?>
<!-- Generated by org.testng.reporters.JUnitReportReporter -->
<testsuite hostname="DESKTOP-UE7S7AN" failures="0" tests="1" name="test.Test_001" time="14.932" errors="0" timestamp="2023-12-15T12:53:21 IST" skipped="0">
  <testcase classname="test.Test_001" name="Registeration" time="14.932"/>
</testsuite> <!-- test.Test_001 -->
