<?xml version="1.0" encoding="UTF-8"?>
<!-- Generated by org.testng.reporters.JUnitReportReporter -->
<testsuite hostname="DESKTOP-UE7S7AN" failures="0" tests="1" name="utility.Base_Class" time="56.458" errors="0" timestamp="2023-12-15T11:18:31 IST" skipped="0">
  <testcase classname="utility.Base_Class" name="appiumtest" time="56.458"/>
</testsuite> <!-- utility.Base_Class -->
