<?xml version="1.0" encoding="UTF-8"?>
<!-- Generated by org.testng.reporters.JUnitReportReporter -->
<testsuite hostname="DESKTOP-UE7S7AN" failures="0" tests="1" name="test.Registration" time="30.032" errors="0" timestamp="2024-01-04T14:22:02 IST" skipped="0">
  <testcase classname="test.Registration" name="Registeration" time="30.032"/>
</testsuite> <!-- test.Registration -->
