<?xml version="1.0" encoding="UTF-8"?>
<!-- Generated by org.testng.reporters.JUnitReportReporter -->
<testsuite hostname="DESKTOP-UE7S7AN" failures="0" tests="1" name="test.Sign_In_Page" time="35.497" errors="0" timestamp="2024-01-04T14:42:42 IST" skipped="0">
  <testcase classname="test.Sign_In_Page" name="sign_in" time="35.497"/>
</testsuite> <!-- test.Sign_In_Page -->
